<?xml version="1.0" encoding="UTF-8"?>
<coverage generated="1670100885631" clover="3.2.0">
  <project timestamp="1670100885631" name="All files">
    <metrics statements="43" coveredstatements="43" conditionals="26" coveredconditionals="26" methods="10" coveredmethods="10" elements="79" coveredelements="79" complexity="0" loc="43" ncloc="43" packages="1" files="2" classes="2"/>
    <file name="classes.js" path="/Users/stephen/Code/Hello10/kitchen/src/web/helpers/classes.js">
      <metrics statements="27" coveredstatements="27" conditionals="18" coveredconditionals="18" methods="5" coveredmethods="5"/>
      <line num="2" count="10" type="stmt"/>
      <line num="5" count="18" type="cond" truecount="2" falsecount="0"/>
      <line num="6" count="1" type="stmt"/>
      <line num="9" count="17" type="cond" truecount="2" falsecount="0"/>
      <line num="10" count="1" type="stmt"/>
      <line num="13" count="16" type="stmt"/>
      <line num="16" count="16" type="cond" truecount="2" falsecount="0"/>
      <line num="17" count="1" type="stmt"/>
      <line num="18" count="15" type="cond" truecount="2" falsecount="0"/>
      <line num="19" count="5" type="stmt"/>
      <line num="21" count="10" type="stmt"/>
      <line num="24" count="16" type="stmt"/>
      <line num="25" count="25" type="cond" truecount="2" falsecount="0"/>
      <line num="26" count="3" type="stmt"/>
      <line num="27" count="22" type="cond" truecount="2" falsecount="0"/>
      <line num="28" count="16" type="stmt"/>
      <line num="29" count="6" type="cond" truecount="2" falsecount="0"/>
      <line num="30" count="1" type="stmt"/>
      <line num="32" count="5" type="stmt"/>
      <line num="33" count="13" type="cond" truecount="2" falsecount="0"/>
      <line num="34" count="2" type="stmt"/>
      <line num="36" count="13" type="cond" truecount="2" falsecount="0"/>
      <line num="41" count="16" type="stmt"/>
      <line num="42" count="16" type="stmt"/>
      <line num="45" count="10" type="stmt"/>
      <line num="46" count="11" type="stmt"/>
      <line num="49" count="10" type="stmt"/>
    </file>
    <file name="domains.js" path="/Users/stephen/Code/Hello10/kitchen/src/web/helpers/domains.js">
      <metrics statements="16" coveredstatements="16" conditionals="8" coveredconditionals="8" methods="5" coveredmethods="5"/>
      <line num="2" count="12" type="stmt"/>
      <line num="3" count="12" type="stmt"/>
      <line num="4" count="12" type="stmt"/>
      <line num="5" count="12" type="cond" truecount="2" falsecount="0"/>
      <line num="6" count="12" type="stmt"/>
      <line num="10" count="3" type="stmt"/>
      <line num="11" count="2" type="cond" truecount="2" falsecount="0"/>
      <line num="12" count="1" type="stmt"/>
      <line num="15" count="1" type="stmt"/>
      <line num="16" count="8" type="stmt"/>
      <line num="18" count="8" type="cond" truecount="2" falsecount="0"/>
      <line num="19" count="1" type="stmt"/>
      <line num="22" count="15" type="stmt"/>
      <line num="24" count="7" type="cond" truecount="2" falsecount="0"/>
      <line num="25" count="6" type="stmt"/>
      <line num="27" count="1" type="stmt"/>
    </file>
  </project>
</coverage>
