{"/Users/stephen/Code/Hello10/kitchen/src/web/helpers/classes.js": {"path":"/Users/stephen/Code/Hello10/kitchen/src/web/helpers/classes.js","statementMap":{"0":{"start":{"line":2,"column":16},"end":{"line":2,"column":18}},"1":{"start":{"line":5,"column":4},"end":{"line":7,"column":5}},"2":{"start":{"line":6,"column":6},"end":{"line":6,"column":20}},"3":{"start":{"line":9,"column":4},"end":{"line":11,"column":5}},"4":{"start":{"line":10,"column":6},"end":{"line":10,"column":22}},"5":{"start":{"line":13,"column":16},"end":{"line":13,"column":23}},"6":{"start":{"line":16,"column":4},"end":{"line":22,"column":5}},"7":{"start":{"line":17,"column":6},"end":{"line":17,"column":15}},"8":{"start":{"line":18,"column":11},"end":{"line":22,"column":5}},"9":{"start":{"line":19,"column":6},"end":{"line":19,"column":16}},"10":{"start":{"line":21,"column":6},"end":{"line":21,"column":18}},"11":{"start":{"line":24,"column":4},"end":{"line":39,"column":22}},"12":{"start":{"line":25,"column":6},"end":{"line":38,"column":7}},"13":{"start":{"line":26,"column":8},"end":{"line":26,"column":19}},"14":{"start":{"line":27,"column":13},"end":{"line":38,"column":7}},"15":{"start":{"line":28,"column":8},"end":{"line":28,"column":18}},"16":{"start":{"line":29,"column":13},"end":{"line":38,"column":7}},"17":{"start":{"line":30,"column":8},"end":{"line":30,"column":20}},"18":{"start":{"line":32,"column":8},"end":{"line":37,"column":10}},"19":{"start":{"line":33,"column":10},"end":{"line":35,"column":11}},"20":{"start":{"line":34,"column":12},"end":{"line":34,"column":19}},"21":{"start":{"line":36,"column":10},"end":{"line":36,"column":29}},"22":{"start":{"line":41,"column":4},"end":{"line":41,"column":35}},"23":{"start":{"line":42,"column":4},"end":{"line":42,"column":14}},"24":{"start":{"line":45,"column":2},"end":{"line":47,"column":3}},"25":{"start":{"line":46,"column":4},"end":{"line":46,"column":28}},"26":{"start":{"line":49,"column":2},"end":{"line":49,"column":21}}},"fnMap":{"0":{"name":"classes","decl":{"start":{"line":1,"column":16},"end":{"line":1,"column":23}},"loc":{"start":{"line":1,"column":34},"end":{"line":50,"column":1}},"line":1},"1":{"name":"add","decl":{"start":{"line":4,"column":11},"end":{"line":4,"column":14}},"loc":{"start":{"line":4,"column":25},"end":{"line":43,"column":3}},"line":4},"2":{"name":"(anonymous_2)","decl":{"start":{"line":24,"column":24},"end":{"line":24,"column":25}},"loc":{"start":{"line":24,"column":33},"end":{"line":39,"column":5}},"line":24},"3":{"name":"(anonymous_3)","decl":{"start":{"line":32,"column":39},"end":{"line":32,"column":40}},"loc":{"start":{"line":32,"column":51},"end":{"line":37,"column":9}},"line":32},"4":{"name":"toString","decl":{"start":{"line":45,"column":26},"end":{"line":45,"column":34}},"loc":{"start":{"line":45,"column":38},"end":{"line":47,"column":3}},"line":45}},"branchMap":{"0":{"loc":{"start":{"line":5,"column":4},"end":{"line":7,"column":5}},"type":"if","locations":[{"start":{"line":5,"column":4},"end":{"line":7,"column":5}},{"start":{},"end":{}}],"line":5},"1":{"loc":{"start":{"line":9,"column":4},"end":{"line":11,"column":5}},"type":"if","locations":[{"start":{"line":9,"column":4},"end":{"line":11,"column":5}},{"start":{},"end":{}}],"line":9},"2":{"loc":{"start":{"line":16,"column":4},"end":{"line":22,"column":5}},"type":"if","locations":[{"start":{"line":16,"column":4},"end":{"line":22,"column":5}},{"start":{"line":18,"column":11},"end":{"line":22,"column":5}}],"line":16},"3":{"loc":{"start":{"line":18,"column":11},"end":{"line":22,"column":5}},"type":"if","locations":[{"start":{"line":18,"column":11},"end":{"line":22,"column":5}},{"start":{"line":20,"column":11},"end":{"line":22,"column":5}}],"line":18},"4":{"loc":{"start":{"line":25,"column":6},"end":{"line":38,"column":7}},"type":"if","locations":[{"start":{"line":25,"column":6},"end":{"line":38,"column":7}},{"start":{"line":27,"column":13},"end":{"line":38,"column":7}}],"line":25},"5":{"loc":{"start":{"line":27,"column":13},"end":{"line":38,"column":7}},"type":"if","locations":[{"start":{"line":27,"column":13},"end":{"line":38,"column":7}},{"start":{"line":29,"column":13},"end":{"line":38,"column":7}}],"line":27},"6":{"loc":{"start":{"line":29,"column":13},"end":{"line":38,"column":7}},"type":"if","locations":[{"start":{"line":29,"column":13},"end":{"line":38,"column":7}},{"start":{"line":31,"column":13},"end":{"line":38,"column":7}}],"line":29},"7":{"loc":{"start":{"line":33,"column":10},"end":{"line":35,"column":11}},"type":"if","locations":[{"start":{"line":33,"column":10},"end":{"line":35,"column":11}},{"start":{},"end":{}}],"line":33},"8":{"loc":{"start":{"line":36,"column":17},"end":{"line":36,"column":29}},"type":"cond-expr","locations":[{"start":{"line":36,"column":21},"end":{"line":36,"column":22}},{"start":{"line":36,"column":25},"end":{"line":36,"column":29}}],"line":36}},"s":{"0":10,"1":18,"2":1,"3":17,"4":1,"5":16,"6":16,"7":1,"8":15,"9":5,"10":10,"11":16,"12":25,"13":3,"14":22,"15":16,"16":6,"17":1,"18":5,"19":13,"20":2,"21":13,"22":16,"23":16,"24":10,"25":11,"26":10},"f":{"0":10,"1":18,"2":25,"3":13,"4":11},"b":{"0":[1,17],"1":[1,16],"2":[1,15],"3":[5,10],"4":[3,22],"5":[16,6],"6":[1,5],"7":[2,11],"8":[7,6]},"_coverageSchema":"1a1c01bbd47fc00a2c39e90264f33305004495a9","hash":"19c94d230518a2cd5afa2b080d8435f8cb28620f"}
,"/Users/stephen/Code/Hello10/kitchen/src/web/helpers/domains.js": {"path":"/Users/stephen/Code/Hello10/kitchen/src/web/helpers/domains.js","statementMap":{"0":{"start":{"line":2,"column":16},"end":{"line":2,"column":35}},"1":{"start":{"line":3,"column":15},"end":{"line":3,"column":38}},"2":{"start":{"line":4,"column":22},"end":{"line":4,"column":42}},"3":{"start":{"line":5,"column":20},"end":{"line":5,"column":41}},"4":{"start":{"line":6,"column":2},"end":{"line":6,"column":44}},"5":{"start":{"line":10,"column":15},"end":{"line":10,"column":43}},"6":{"start":{"line":10,"column":33},"end":{"line":10,"column":42}},"7":{"start":{"line":11,"column":2},"end":{"line":13,"column":3}},"8":{"start":{"line":12,"column":4},"end":{"line":12,"column":79}},"9":{"start":{"line":15,"column":2},"end":{"line":29,"column":3}},"10":{"start":{"line":16,"column":22},"end":{"line":16,"column":44}},"11":{"start":{"line":18,"column":4},"end":{"line":20,"column":5}},"12":{"start":{"line":19,"column":6},"end":{"line":19,"column":21}},"13":{"start":{"line":22,"column":18},"end":{"line":22,"column":75}},"14":{"start":{"line":22,"column":44},"end":{"line":22,"column":74}},"15":{"start":{"line":24,"column":4},"end":{"line":28,"column":5}},"16":{"start":{"line":25,"column":6},"end":{"line":25,"column":22}},"17":{"start":{"line":27,"column":6},"end":{"line":27,"column":21}}},"fnMap":{"0":{"name":"getSubdomain","decl":{"start":{"line":1,"column":16},"end":{"line":1,"column":28}},"loc":{"start":{"line":1,"column":40},"end":{"line":7,"column":1}},"line":1},"1":{"name":"makeGetSubdomainApp","decl":{"start":{"line":9,"column":16},"end":{"line":9,"column":35}},"loc":{"start":{"line":9,"column":42},"end":{"line":30,"column":1}},"line":9},"2":{"name":"(anonymous_2)","decl":{"start":{"line":10,"column":24},"end":{"line":10,"column":25}},"loc":{"start":{"line":10,"column":33},"end":{"line":10,"column":42}},"line":10},"3":{"name":"getSubdomainApp","decl":{"start":{"line":15,"column":18},"end":{"line":15,"column":33}},"loc":{"start":{"line":15,"column":45},"end":{"line":29,"column":3}},"line":15},"4":{"name":"(anonymous_4)","decl":{"start":{"line":22,"column":27},"end":{"line":22,"column":28}},"loc":{"start":{"line":22,"column":44},"end":{"line":22,"column":74}},"line":22}},"branchMap":{"0":{"loc":{"start":{"line":5,"column":20},"end":{"line":5,"column":41}},"type":"cond-expr","locations":[{"start":{"line":5,"column":34},"end":{"line":5,"column":36}},{"start":{"line":5,"column":39},"end":{"line":5,"column":41}}],"line":5},"1":{"loc":{"start":{"line":11,"column":2},"end":{"line":13,"column":3}},"type":"if","locations":[{"start":{"line":11,"column":2},"end":{"line":13,"column":3}},{"start":{},"end":{}}],"line":11},"2":{"loc":{"start":{"line":18,"column":4},"end":{"line":20,"column":5}},"type":"if","locations":[{"start":{"line":18,"column":4},"end":{"line":20,"column":5}},{"start":{},"end":{}}],"line":18},"3":{"loc":{"start":{"line":24,"column":4},"end":{"line":28,"column":5}},"type":"if","locations":[{"start":{"line":24,"column":4},"end":{"line":28,"column":5}},{"start":{"line":26,"column":11},"end":{"line":28,"column":5}}],"line":24}},"s":{"0":12,"1":12,"2":12,"3":12,"4":12,"5":2,"6":3,"7":2,"8":1,"9":1,"10":8,"11":8,"12":1,"13":7,"14":15,"15":7,"16":6,"17":1},"f":{"0":12,"1":2,"2":3,"3":8,"4":15},"b":{"0":[1,11],"1":[1,1],"2":[1,7],"3":[6,1]},"_coverageSchema":"1a1c01bbd47fc00a2c39e90264f33305004495a9","hash":"baa85c5f57631570b5cc252269983edf121feb1a"}
}
