TN:
SF:src/web/helpers/classes.js
FN:1,classes
FN:4,add
FN:24,(anonymous_2)
FN:32,(anonymous_3)
FN:45,toString
FNF:5
FNH:5
FNDA:10,classes
FNDA:18,add
FNDA:25,(anonymous_2)
FNDA:13,(anonymous_3)
FNDA:11,toString
DA:2,10
DA:5,18
DA:6,1
DA:9,17
DA:10,1
DA:13,16
DA:16,16
DA:17,1
DA:18,15
DA:19,5
DA:21,10
DA:24,16
DA:25,25
DA:26,3
DA:27,22
DA:28,16
DA:29,6
DA:30,1
DA:32,5
DA:33,13
DA:34,2
DA:36,13
DA:41,16
DA:42,16
DA:45,10
DA:46,11
DA:49,10
LF:27
LH:27
BRDA:5,0,0,1
BRDA:5,0,1,17
BRDA:9,1,0,1
BRDA:9,1,1,16
BRDA:16,2,0,1
BRDA:16,2,1,15
BRDA:18,3,0,5
BRDA:18,3,1,10
BRDA:25,4,0,3
BRDA:25,4,1,22
BRDA:27,5,0,16
BRDA:27,5,1,6
BRDA:29,6,0,1
BRDA:29,6,1,5
BRDA:33,7,0,2
BRDA:33,7,1,11
BRDA:36,8,0,7
BRDA:36,8,1,6
BRF:18
BRH:18
end_of_record
TN:
SF:src/web/helpers/domains.js
FN:1,getSubdomain
FN:9,makeGetSubdomainApp
FN:10,(anonymous_2)
FN:15,getSubdomainApp
FN:22,(anonymous_4)
FNF:5
FNH:5
FNDA:12,getSubdomain
FNDA:2,makeGetSubdomainApp
FNDA:3,(anonymous_2)
FNDA:8,getSubdomainApp
FNDA:15,(anonymous_4)
DA:2,12
DA:3,12
DA:4,12
DA:5,12
DA:6,12
DA:10,3
DA:11,2
DA:12,1
DA:15,1
DA:16,8
DA:18,8
DA:19,1
DA:22,15
DA:24,7
DA:25,6
DA:27,1
LF:16
LH:16
BRDA:5,0,0,1
BRDA:5,0,1,11
BRDA:11,1,0,1
BRDA:11,1,1,1
BRDA:18,2,0,1
BRDA:18,2,1,7
BRDA:24,3,0,6
BRDA:24,3,1,1
BRF:8
BRH:8
end_of_record
